Added Component: Designator=C1(0603C)
Added Component: Designator=C2(0603C)
Added Component: Designator=C3(0603C)
Added Component: Designator=C4(0603C)
Added Component: Designator=C5(0603C)
Added Component: Designator=D1(LED-0603Y)
Added Component: Designator=D2(LED-0603Y)
Added Component: Designator=D3(LED-0603Y)
Added Component: Designator=D4(LED-0603Y)
Added Component: Designator=D5(SMA/DO-214AC)
Added Component: Designator=D6(LED-0603G)
Added Component: Designator=D7(LED-0603B)
Added Component: Designator=EC1(SMD-EC4.0X4.3X5.4)
Added Component: Designator=EC2(SMD-EC4.0X4.3X5.4)
Added Component: Designator=K1(SMD-3.5x7.8x2.5_C)
Added Component: Designator=L1(0630L)
Added Component: Designator=R1(0603R)
Added Component: Designator=R2(0603R)
Added Component: Designator=R3(0603R)
Added Component: Designator=R4(0603R)
Added Component: Designator=U1(SOT23-6)
Added Component: Designator=U2(ESOP8)
Added Component: Designator=USB1(USB-C-SMD_TYPE-C-6P-CB0.8-073)
Add component (AddParameter): Name = "BOM_Manufacturer"; Value = "SHOU HAN(Ê×º«)"; VariantName = "[No Variations]"
Add component (AddParameter): Name = "BOM_Manufacturer Part"; Value = "TYPE-C 6P CB0.8(073)"; VariantName = "[No Variations]"
Add component (AddParameter): Name = "BOM_Supplier"; Value = "LCSC"; VariantName = "[No Variations]"
Add component (AddParameter): Name = "BOM_Supplier Part"; Value = "C2858273"; VariantName = "[No Variations]"
Add component (AddParameter): Name = "Contributor"; Value = "LCSC"; VariantName = "[No Variations]"
Add component (AddParameter): Name = "spicePre"; Value = "U"; VariantName = "[No Variations]"
Add component (AddParameter): Name = "spiceSymbolName"; Value = "TYPE-C 6P CB0.8(073)"; VariantName = "[No Variations]"
Added Pin To Net: NetName=5V_OUT Pin=C2-2
Added Pin To Net: NetName=5V_OUT Pin=D5-K
Added Pin To Net: NetName=5V_OUT Pin=EC2-1
Added Pin To Net: NetName=5V_OUT Pin=U2-1
Added Net: Name=5V_OUT
Added Pin To Net: NetName=BAT+ Pin=C3-2
Added Pin To Net: NetName=BAT+ Pin=C4-2
Added Pin To Net: NetName=BAT+ Pin=C5-2
Added Pin To Net: NetName=BAT+ Pin=L1-1
Added Pin To Net: NetName=BAT+ Pin=U2-6
Added Pin To Net: NetName=BAT+ Pin=K1-3
Added Net: Name=BAT+
Added Pin To Net: NetName=BAT- Pin=C1-1
Added Pin To Net: NetName=BAT- Pin=C2-1
Added Pin To Net: NetName=BAT- Pin=C3-1
Added Pin To Net: NetName=BAT- Pin=C4-1
Added Pin To Net: NetName=BAT- Pin=C5-1
Added Pin To Net: NetName=BAT- Pin=EC1-2
Added Pin To Net: NetName=BAT- Pin=EC2-2
Added Pin To Net: NetName=BAT- Pin=R4-1
Added Pin To Net: NetName=BAT- Pin=U1-2
Added Pin To Net: NetName=BAT- Pin=U2-7
Added Pin To Net: NetName=BAT- Pin=USB1-1
Added Pin To Net: NetName=BAT- Pin=USB1-6
Added Pin To Net: NetName=BAT- Pin=USB1-7
Added Pin To Net: NetName=BAT- Pin=USB1-7
Added Pin To Net: NetName=BAT- Pin=USB1-8
Added Pin To Net: NetName=BAT- Pin=USB1-8
Added Net: Name=BAT-
Added Pin To Net: NetName=NetC1_2 Pin=C1-2
Added Pin To Net: NetName=NetC1_2 Pin=R2-1
Added Pin To Net: NetName=NetC1_2 Pin=R3-2
Added Pin To Net: NetName=NetC1_2 Pin=U2-5
Added Net: Name=NetC1_2
Added Pin To Net: NetName=NetD1_A Pin=D1-A
Added Pin To Net: NetName=NetD1_A Pin=D2-A
Added Pin To Net: NetName=NetD1_A Pin=D3-A
Added Pin To Net: NetName=NetD1_A Pin=D4-A
Added Pin To Net: NetName=NetD1_A Pin=R1-1
Added Net: Name=NetD1_A
Added Pin To Net: NetName=NetD1_K Pin=D1-K
Added Pin To Net: NetName=NetD1_K Pin=U1-6
Added Net: Name=NetD1_K
Added Pin To Net: NetName=NetD2_K Pin=D2-K
Added Pin To Net: NetName=NetD2_K Pin=U1-5
Added Net: Name=NetD2_K
Added Pin To Net: NetName=NetD3_K Pin=D3-K
Added Pin To Net: NetName=NetD3_K Pin=U1-4
Added Net: Name=NetD3_K
Added Pin To Net: NetName=NetD4_K Pin=D4-K
Added Pin To Net: NetName=NetD4_K Pin=U1-3
Added Net: Name=NetD4_K
Added Pin To Net: NetName=NetD5_A Pin=D5-A
Added Pin To Net: NetName=NetD5_A Pin=L1-2
Added Pin To Net: NetName=NetD5_A Pin=U2-8
Added Net: Name=NetD5_A
Added Pin To Net: NetName=NetD6_A Pin=D6-A
Added Pin To Net: NetName=NetD6_A Pin=D7-A
Added Pin To Net: NetName=NetD6_A Pin=R3-1
Added Net: Name=NetD6_A
Added Pin To Net: NetName=NetD6_K Pin=D6-K
Added Pin To Net: NetName=NetD6_K Pin=U2-4
Added Net: Name=NetD6_K
Added Pin To Net: NetName=NetD7_K Pin=D7-K
Added Pin To Net: NetName=NetD7_K Pin=U2-2
Added Net: Name=NetD7_K
Added Pin To Net: NetName=NetEC1_1 Pin=EC1-1
Added Pin To Net: NetName=NetEC1_1 Pin=R1-2
Added Pin To Net: NetName=NetEC1_1 Pin=U1-1
Added Pin To Net: NetName=NetEC1_1 Pin=K1-4
Added Net: Name=NetEC1_1
Added Pin To Net: NetName=NetR4_2 Pin=R4-2
Added Pin To Net: NetName=NetR4_2 Pin=U2-3
Added Net: Name=NetR4_2
Added Pin To Net: NetName=VBUS Pin=R2-2
Added Pin To Net: NetName=VBUS Pin=USB1-2
Added Pin To Net: NetName=VBUS Pin=USB1-5
Added Net: Name=VBUS
Added Class: Name=SLBMM
